<?xml version="1.0" encoding="UTF-8"?>
<!-- Generated by org.testng.reporters.JUnitXMLReporter -->
<testsuite ignored="0" hostname="VIJAY" failures="0" tests="3" name="Default test" time="0.145" errors="0" timestamp="2023-05-02T13:29:57 IST">
  <testcase classname="com.sgtesting.products.Products" name="createProduct" time="0.017"/>
  <testcase classname="com.sgtesting.products.Products" name="deleteProduct" time="0.006"/>
  <testcase classname="com.sgtesting.products.Products" name="modifyProduct" time="0.011"/>
</testsuite> <!-- Default test -->
