<?xml version="1.0" encoding="UTF-8"?>
<!-- Generated by org.testng.reporters.JUnitXMLReporter -->
<testsuite ignored="0" hostname="VIJAY" failures="0" tests="6" name="Users and Products" time="0.157" errors="0" timestamp="2023-05-02T13:32:03 IST">
  <testcase classname="com.sgtesting.users.Users" name="createUser" time="0.013"/>
  <testcase classname="com.sgtesting.users.Users" name="deleteUser" time="0.006"/>
  <testcase classname="com.sgtesting.users.Users" name="modifyUser" time="0.009"/>
  <testcase classname="com.sgtesting.products.Products" name="createProduct" time="0.006"/>
  <testcase classname="com.sgtesting.products.Products" name="deleteProduct" time="0.006"/>
  <testcase classname="com.sgtesting.products.Products" name="modifyProduct" time="0.004"/>
</testsuite> <!-- Users and Products -->
